<?xml version="1.0" encoding="UTF-8"?>
<!-- Generated by org.testng.reporters.JUnitXMLReporter -->
<testsuite ignored="1" hostname="meldas-MacBook-Pro.local" failures="0" tests="3" name="All Functionalities" time="31.218" errors="0" timestamp="2022-06-06T10:21:07 CDT">
  <testcase classname="scripts._01CarTest" name="signINLink" time="4.4"/>
  <testcase classname="scripts._01CarTest" name="socialMediaLink" time="4.039"/>
  <testcase classname="scripts._01CarTest" name="canNotSignIn" time="8.405"/>
  <testcase classname="scripts._01CarTest" name="login" time="0.0">
    <ignored/>
  </testcase> <!-- login -->
</testsuite> <!-- All Functionalities -->
