<?xml version="1.0" encoding="UTF-8"?>
<!-- Generated by org.testng.reporters.JUnitXMLReporter -->
<testsuite ignored="3" hostname="meldas-MacBook-Pro.local" failures="0" tests="1" name="Critical Functionalities" time="9.483" errors="0" timestamp="2022-06-06T10:18:26 CDT">
  <testcase classname="scripts._01CarTest" name="login" time="4.138"/>
  <testcase classname="scripts._01CarTest" name="canNotSignIn" time="0.0">
    <ignored/>
  </testcase> <!-- canNotSignIn -->
  <testcase classname="scripts._01CarTest" name="signINLink" time="0.0">
    <ignored/>
  </testcase> <!-- signINLink -->
  <testcase classname="scripts._01CarTest" name="socialMediaLink" time="0.0">
    <ignored/>
  </testcase> <!-- socialMediaLink -->
</testsuite> <!-- Critical Functionalities -->
