<?xml version="1.0" encoding="UTF-8"?>
<!-- Generated by org.testng.reporters.JUnitXMLReporter -->
<testsuite ignored="3" hostname="meldas-MacBook-Pro.local" failures="0" tests="2" name="Critical Functionalities" time="19.328" errors="0" timestamp="2022-06-09T11:42:09 CDT">
  <testcase classname="scripts._03AmazonTest" name="testAmazonAddressModal" time="4.912"/>
  <testcase classname="scripts._01CarTest" name="login" time="4.063"/>
  <testcase classname="scripts._01CarTest" name="canNotSignIn" time="0.0">
    <ignored/>
  </testcase> <!-- canNotSignIn -->
  <testcase classname="scripts._01CarTest" name="signINLink" time="0.0">
    <ignored/>
  </testcase> <!-- signINLink -->
  <testcase classname="scripts._01CarTest" name="socialMediaLink" time="0.0">
    <ignored/>
  </testcase> <!-- socialMediaLink -->
</testsuite> <!-- Critical Functionalities -->
