<?xml version="1.0" encoding="UTF-8"?>
<testng-results ignored="3" total="5" passed="2" failed="0" skipped="0">
  <reporter-output>
  </reporter-output>
  <suite started-at="2022-06-09T11:41:50 CDT" name="Smoke" finished-at="2022-06-09T11:42:09 CDT" duration-ms="19328">
    <groups>
    </groups>
    <test started-at="2022-06-09T11:41:50 CDT" name="Critical Functionalities" finished-at="2022-06-09T11:42:09 CDT" duration-ms="19328">
      <class name="scripts._01CarTest">
        <test-method is-config="true" signature="setup()[pri:0, instance:scripts._01CarTest@4fcd19b3]" started-at="2022-06-09T11:42:00 CDT" name="setup" finished-at="2022-06-09T11:42:01 CDT" duration-ms="1205" status="PASS">
          <reporter-output>
          </reporter-output>
        </test-method> <!-- setup -->
        <test-method signature="login()[pri:1, instance:scripts._01CarTest@4fcd19b3]" started-at="2022-06-09T11:42:01 CDT" name="login" description="Smoke(Main function)" finished-at="2022-06-09T11:42:05 CDT" duration-ms="4063" status="PASS">
          <reporter-output>
          </reporter-output>
        </test-method> <!-- login -->
        <test-method is-config="true" signature="teardown()[pri:0, instance:scripts._01CarTest@4fcd19b3]" started-at="2022-06-09T11:42:05 CDT" name="teardown" finished-at="2022-06-09T11:42:09 CDT" duration-ms="4081" status="PASS">
          <reporter-output>
          </reporter-output>
        </test-method> <!-- teardown -->
      </class> <!-- scripts._01CarTest -->
      <class name="scripts._03AmazonTest">
        <test-method is-config="true" signature="setup()[pri:0, instance:scripts._03AmazonTest@5204062d]" started-at="2022-06-09T11:41:50 CDT" name="setup" finished-at="2022-06-09T11:41:52 CDT" duration-ms="1856" status="PASS">
          <reporter-output>
          </reporter-output>
        </test-method> <!-- setup -->
        <test-method signature="testAmazonAddressModal()[pri:1, instance:scripts._03AmazonTest@5204062d]" started-at="2022-06-09T11:41:52 CDT" name="testAmazonAddressModal" finished-at="2022-06-09T11:41:56 CDT" duration-ms="4912" status="PASS">
          <reporter-output>
          </reporter-output>
        </test-method> <!-- testAmazonAddressModal -->
        <test-method is-config="true" signature="teardown()[pri:0, instance:scripts._03AmazonTest@5204062d]" started-at="2022-06-09T11:41:56 CDT" name="teardown" finished-at="2022-06-09T11:42:00 CDT" duration-ms="3192" status="PASS">
          <reporter-output>
          </reporter-output>
        </test-method> <!-- teardown -->
      </class> <!-- scripts._03AmazonTest -->
    </test> <!-- Critical Functionalities -->
  </suite> <!-- Smoke -->
</testng-results>
