<?xml version="1.0" encoding="UTF-8"?>
<testng-results ignored="0" total="4" passed="4" failed="0" skipped="0">
  <reporter-output>
  </reporter-output>
  <suite started-at="2022-06-06T00:14:17 CDT" name="scripts._01CarTest" finished-at="2022-06-06T00:15:00 CDT" duration-ms="42554">
    <groups>
    </groups>
    <test started-at="2022-06-06T00:14:17 CDT" name="Command line test" finished-at="2022-06-06T00:15:00 CDT" duration-ms="42554">
      <class name="scripts._01CarTest">
        <test-method is-config="true" signature="setup()[pri:0, instance:scripts._01CarTest@670b40af]" started-at="2022-06-06T00:14:17 CDT" name="setup" finished-at="2022-06-06T00:14:19 CDT" duration-ms="2000" status="PASS">
          <reporter-output>
          </reporter-output>
        </test-method> <!-- setup -->
        <test-method signature="login()[pri:1, instance:scripts._01CarTest@670b40af]" started-at="2022-06-06T00:14:19 CDT" name="login" description="Smoke(Main function)" finished-at="2022-06-06T00:14:24 CDT" duration-ms="4467" status="PASS">
          <reporter-output>
          </reporter-output>
        </test-method> <!-- login -->
        <test-method is-config="true" signature="teardown()[pri:0, instance:scripts._01CarTest@670b40af]" started-at="2022-06-06T00:14:24 CDT" name="teardown" finished-at="2022-06-06T00:14:27 CDT" duration-ms="3639" status="PASS">
          <reporter-output>
          </reporter-output>
        </test-method> <!-- teardown -->
        <test-method is-config="true" signature="setup()[pri:0, instance:scripts._01CarTest@670b40af]" started-at="2022-06-06T00:14:27 CDT" name="setup" finished-at="2022-06-06T00:14:29 CDT" duration-ms="1497" status="PASS">
          <reporter-output>
          </reporter-output>
        </test-method> <!-- setup -->
        <test-method signature="signINLink()[pri:2, instance:scripts._01CarTest@670b40af]" started-at="2022-06-06T00:14:29 CDT" name="signINLink" description="Validate Cars.com Sign in page form" finished-at="2022-06-06T00:14:33 CDT" duration-ms="4204" status="PASS">
          <reporter-output>
          </reporter-output>
        </test-method> <!-- signINLink -->
        <test-method is-config="true" signature="teardown()[pri:0, instance:scripts._01CarTest@670b40af]" started-at="2022-06-06T00:14:33 CDT" name="teardown" finished-at="2022-06-06T00:14:37 CDT" duration-ms="3643" status="PASS">
          <reporter-output>
          </reporter-output>
        </test-method> <!-- teardown -->
        <test-method is-config="true" signature="setup()[pri:0, instance:scripts._01CarTest@670b40af]" started-at="2022-06-06T00:14:37 CDT" name="setup" finished-at="2022-06-06T00:14:38 CDT" duration-ms="1390" status="PASS">
          <reporter-output>
          </reporter-output>
        </test-method> <!-- setup -->
        <test-method signature="socialMediaLink()[pri:3, instance:scripts._01CarTest@670b40af]" started-at="2022-06-06T00:14:38 CDT" name="socialMediaLink" description=" Validate Cars.com Sign in page social media section" finished-at="2022-06-06T00:14:43 CDT" duration-ms="4596" status="PASS">
          <reporter-output>
          </reporter-output>
        </test-method> <!-- socialMediaLink -->
        <test-method is-config="true" signature="teardown()[pri:0, instance:scripts._01CarTest@670b40af]" started-at="2022-06-06T00:14:43 CDT" name="teardown" finished-at="2022-06-06T00:14:46 CDT" duration-ms="3615" status="PASS">
          <reporter-output>
          </reporter-output>
        </test-method> <!-- teardown -->
        <test-method is-config="true" signature="setup()[pri:0, instance:scripts._01CarTest@670b40af]" started-at="2022-06-06T00:14:46 CDT" name="setup" finished-at="2022-06-06T00:14:48 CDT" duration-ms="1476" status="PASS">
          <reporter-output>
          </reporter-output>
        </test-method> <!-- setup -->
        <test-method signature="canNotSignIn()[pri:4, instance:scripts._01CarTest@670b40af]" started-at="2022-06-06T00:14:48 CDT" name="canNotSignIn" description="Validate user cannot sign in to Cars.com with invalid credentials" finished-at="2022-06-06T00:14:56 CDT" duration-ms="8442" status="PASS">
          <reporter-output>
          </reporter-output>
        </test-method> <!-- canNotSignIn -->
        <test-method is-config="true" signature="teardown()[pri:0, instance:scripts._01CarTest@670b40af]" started-at="2022-06-06T00:14:56 CDT" name="teardown" finished-at="2022-06-06T00:15:00 CDT" duration-ms="3567" status="PASS">
          <reporter-output>
          </reporter-output>
        </test-method> <!-- teardown -->
      </class> <!-- scripts._01CarTest -->
    </test> <!-- Command line test -->
  </suite> <!-- scripts._01CarTest -->
</testng-results>
