<?xml version="1.0" encoding="UTF-8"?>
<!-- Generated by org.testng.reporters.JUnitXMLReporter -->
<testsuite ignored="0" hostname="meldas-MacBook-Pro.local" failures="0" tests="4" name="Command line test" time="42.554" errors="0" timestamp="2022-06-06T00:15:00 CDT">
  <testcase classname="scripts._01CarTest" name="login" time="4.467"/>
  <testcase classname="scripts._01CarTest" name="signINLink" time="4.204"/>
  <testcase classname="scripts._01CarTest" name="socialMediaLink" time="4.596"/>
  <testcase classname="scripts._01CarTest" name="canNotSignIn" time="8.442"/>
</testsuite> <!-- Command line test -->
